[2025-08-14T09:21:48.689Z] === 开始自动同步 ===
[2025-08-14T09:21:48.707Z] ✅ 远程仓库连接正常
[2025-08-14T09:21:48.719Z] 发现未提交的更改
[2025-08-14T09:21:48.730Z] ✅ 所有更改已添加到暂存区
[2025-08-14T09:21:48.773Z] ✅ 更改已提交
[2025-08-14T09:21:50.219Z] ✅ 代码已推送到 GitHub
[2025-08-14T09:21:50.219Z] 🎉 同步完成!
[2025-08-14T09:21:54.937Z] === 开始自动同步 ===
[2025-08-14T09:21:54.956Z] ✅ 远程仓库连接正常
[2025-08-14T09:21:54.965Z] 发现未提交的更改
[2025-08-14T09:21:54.975Z] ✅ 所有更改已添加到暂存区
[2025-08-14T09:21:55.015Z] ✅ 更改已提交
[2025-08-14T09:21:56.554Z] ✅ 代码已推送到 GitHub
[2025-08-14T09:21:56.554Z] 🎉 同步完成!
[2025-08-14T09:21:59.323Z] === 开始自动同步 ===
[2025-08-14T09:21:59.341Z] ✅ 远程仓库连接正常
[2025-08-14T09:21:59.349Z] 发现未提交的更改
[2025-08-14T09:21:59.358Z] ✅ 所有更改已添加到暂存区
[2025-08-14T09:21:59.390Z] ✅ 更改已提交
[2025-08-14T09:22:00.891Z] ✅ 代码已推送到 GitHub
[2025-08-14T09:22:00.892Z] 🎉 同步完成!
[2025-08-14T09:22:08.199Z] === 开始自动同步 ===
[2025-08-14T09:22:08.212Z] ✅ 远程仓库连接正常
[2025-08-14T09:22:08.220Z] 发现未提交的更改
[2025-08-14T09:22:08.237Z] ✅ 所有更改已添加到暂存区
[2025-08-14T09:22:08.269Z] ✅ 更改已提交
[2025-08-14T09:22:09.791Z] ✅ 代码已推送到 GitHub
[2025-08-14T09:22:09.792Z] 🎉 同步完成!
[2025-08-14T09:22:11.724Z] === 开始自动同步 ===
[2025-08-14T09:22:11.745Z] ✅ 远程仓库连接正常
[2025-08-14T09:22:11.753Z] 发现未提交的更改
[2025-08-14T09:22:11.761Z] ✅ 所有更改已添加到暂存区
[2025-08-14T09:22:11.791Z] ✅ 更改已提交
[2025-08-14T09:22:13.293Z] ✅ 代码已推送到 GitHub
[2025-08-14T09:22:13.293Z] 🎉 同步完成!
